# JRE version: Java(TM) SE Runtime Environment (19.0.1+10) (build 19.0.1+10-21)
# Java VM: Java HotSpot(TM) 64-Bit Server VM (19.0.1+10-21, mixed mode, sharing, tiered, compressed oops, compressed class ptrs, g1 gc, windows-amd64)
GC Precious Log:
 CardTable entry size: 512
 Card Set container configuration: InlinePtr #cards 5 size 8 Array Of Cards #cards 12 size 40 Howl #buckets 4 coarsen threshold 1843 Howl Bitmap #cards 512 size 80 coarsen threshold 460 Card regions per heap region 1 cards per card region 2048
 CPUs: 4 total, 4 available
 Memory: 7995M
 Large Page Support: Disabled
 NUMA Support: Disabled
 Compressed Oops: Enabled (32-bit)
 Heap Region Size: 1M
 Heap Min Capacity: 256M
 Heap Initial Capacity: 256M
 Heap Max Capacity: 512M
 Pre-touch: Disabled
 Parallel Workers: 4
 Concurrent Workers: 1
 Concurrent Refinement Workers: 4
 Periodic GC: Disabled
Heap:
 garbage-first heap   total 262144K, used 159709K [0x00000000e0000000, 0x0000000100000000)
  region size 1024K, 112 young (114688K), 3 survivors (3072K)
 Metaspace       used 71222K, committed 72704K, reserved 380928K
  class space    used 9818K, committed 10560K, reserved 315392K
GC Heap History (18 events):
Event: 0.672 GC heap before
{Heap before GC invocations=0 (full 0):
 garbage-first heap   total 262144K, used 12288K [0x00000000e0000000, 0x0000000100000000)
  region size 1024K, 13 young (13312K), 0 survivors (0K)
 Metaspace       used 1020K, committed 1152K, reserved 380928K
  class space    used 76K, committed 128K, reserved 315392K
}
Event: 0.677 GC heap after
{Heap after GC invocations=1 (full 0):
 garbage-first heap   total 262144K, used 3120K [0x00000000e0000000, 0x0000000100000000)
  region size 1024K, 2 young (2048K), 2 survivors (2048K)
 Metaspace       used 1020K, committed 1152K, reserved 380928K
  class space    used 76K, committed 128K, reserved 315392K
}
Event: 1.474 GC heap before
{Heap before GC invocations=1 (full 0):
 garbage-first heap   total 262144K, used 23600K [0x00000000e0000000, 0x0000000100000000)
  region size 1024K, 18 young (18432K), 2 survivors (2048K)
 Metaspace       used 4009K, committed 4224K, reserved 380928K
  class space    used 485K, committed 576K, reserved 315392K
}
Event: 1.481 GC heap after
{Heap after GC invocations=2 (full 0):
 garbage-first heap   total 262144K, used 10569K [0x00000000e0000000, 0x0000000100000000)
  region size 1024K, 3 young (3072K), 3 survivors (3072K)
 Metaspace       used 4009K, committed 4224K, reserved 380928K
  class space    used 485K, committed 576K, reserved 315392K
}
Event: 2.149 GC heap before
{Heap before GC invocations=2 (full 0):
 garbage-first heap   total 262144K, used 36169K [0x00000000e0000000, 0x0000000100000000)
  region size 1024K, 28 young (28672K), 3 survivors (3072K)
 Metaspace       used 4106K, committed 4288K, reserved 380928K
  class space    used 486K, committed 576K, reserved 315392K
}
Event: 2.154 GC heap after
{Heap after GC invocations=3 (full 0):
 garbage-first heap   total 262144K, used 12030K [0x00000000e0000000, 0x0000000100000000)
  region size 1024K, 2 young (2048K), 2 survivors (2048K)
 Metaspace       used 4106K, committed 4288K, reserved 380928K
  class space    used 486K, committed 576K, reserved 315392K
}
Event: 6.440 GC heap before
{Heap before GC invocations=3 (full 0):
 garbage-first heap   total 262144K, used 114430K [0x00000000e0000000, 0x0000000100000000)
  region size 1024K, 103 young (105472K), 2 survivors (2048K)
 Metaspace       used 20835K, committed 21504K, reserved 380928K
  class space    used 2965K, committed 3328K, reserved 315392K
}
Event: 6.462 GC heap after
{Heap after GC invocations=4 (full 0):
 garbage-first heap   total 262144K, used 22380K [0x00000000e0000000, 0x0000000100000000)
  region size 1024K, 12 young (12288K), 12 survivors (12288K)
 Metaspace       used 20835K, committed 21504K, reserved 380928K
  class space    used 2965K, committed 3328K, reserved 315392K
}
Event: 9.351 GC heap before
{Heap before GC invocations=5 (full 0):
 garbage-first heap   total 262144K, used 124780K [0x00000000e0000000, 0x0000000100000000)
  region size 1024K, 113 young (115712K), 12 survivors (12288K)
 Metaspace       used 33932K, committed 35136K, reserved 380928K
  class space    used 4731K, committed 5376K, reserved 315392K
}
Event: 9.379 GC heap after
{Heap after GC invocations=6 (full 0):
 garbage-first heap   total 262144K, used 29802K [0x00000000e0000000, 0x0000000100000000)
  region size 1024K, 8 young (8192K), 8 survivors (8192K)
 Metaspace       used 33932K, committed 35136K, reserved 380928K
  class space    used 4731K, committed 5376K, reserved 315392K
}
Event: 9.531 GC heap before
{Heap before GC invocations=6 (full 0):
 garbage-first heap   total 262144K, used 43114K [0x00000000e0000000, 0x0000000100000000)
  region size 1024K, 21 young (21504K), 8 survivors (8192K)
 Metaspace       used 34791K, committed 35968K, reserved 380928K
  class space    used 4742K, committed 5376K, reserved 315392K
}
Event: 9.540 GC heap after
{Heap after GC invocations=7 (full 0):
 garbage-first heap   total 262144K, used 30322K [0x00000000e0000000, 0x0000000100000000)
  region size 1024K, 7 young (7168K), 7 survivors (7168K)
 Metaspace       used 34791K, committed 35968K, reserved 380928K
  class space    used 4742K, committed 5376K, reserved 315392K
}
Event: 586.308 GC heap before
{Heap before GC invocations=8 (full 0):
 garbage-first heap   total 262144K, used 169586K [0x00000000e0000000, 0x0000000100000000)
  region size 1024K, 144 young (147456K), 7 survivors (7168K)
 Metaspace       used 48049K, committed 49792K, reserved 380928K
  class space    used 6842K, committed 7744K, reserved 315392K
}
Event: 586.346 GC heap after
{Heap after GC invocations=9 (full 0):
 garbage-first heap   total 262144K, used 35121K [0x00000000e0000000, 0x0000000100000000)
  region size 1024K, 13 young (13312K), 13 survivors (13312K)
 Metaspace       used 48049K, committed 49792K, reserved 380928K
  class space    used 6842K, committed 7744K, reserved 315392K
}
Event: 590.259 GC heap before
{Heap before GC invocations=9 (full 0):
 garbage-first heap   total 262144K, used 183601K [0x00000000e0000000, 0x0000000100000000)
  region size 1024K, 153 young (156672K), 13 survivors (13312K)
 Metaspace       used 57566K, committed 59456K, reserved 380928K
  class space    used 8049K, committed 9024K, reserved 315392K
}
Event: 590.313 GC heap after
{Heap after GC invocations=10 (full 0):
 garbage-first heap   total 262144K, used 48612K [0x00000000e0000000, 0x0000000100000000)
  region size 1024K, 20 young (20480K), 20 survivors (20480K)
 Metaspace       used 57566K, committed 59456K, reserved 380928K
  class space    used 8049K, committed 9024K, reserved 315392K
}
Event: 590.934 GC heap before
{Heap before GC invocations=10 (full 0):
 garbage-first heap   total 262144K, used 63972K [0x00000000e0000000, 0x0000000100000000)
  region size 1024K, 36 young (36864K), 20 survivors (20480K)
 Metaspace       used 58458K, committed 60288K, reserved 380928K
  class space    used 8191K, committed 9152K, reserved 315392K
}
Event: 590.970 GC heap after
{Heap after GC invocations=11 (full 0):
 garbage-first heap   total 262144K, used 50141K [0x00000000e0000000, 0x0000000100000000)
  region size 1024K, 3 young (3072K), 3 survivors (3072K)
 Metaspace       used 58458K, committed 60288K, reserved 380928K
  class space    used 8191K, committed 9152K, reserved 315392K
}

